生成启动时间为 2014/5/5 10:16:38。
     1>项目“D:\快盘\Code\Code\OpenCloth_Implicit\MeshPlugin\MeshPlugin.vcxproj”在节点 2 上(rebuild 个目标)。
     1>_PrepareForClean:
         正在删除文件“Release\MeshPlugin.lastbuildstate”。
       InitializeBuildStatus:
         正在对“Release\MeshPlugin.unsuccessfulbuild”执行 Touch 任务。
       ClCompile:
         c:\Program Files (x86)\Microsoft Visual Studio 10.0\VC\bin\CL.exe /c /I"C:\Program Files\openGL\include" /Zi /nologo /W3 /WX- /O2 /Oi /Oy- /GL /D WIN32 /D NDEBUG /D _WINDOWS /D _USRDLL /D MESHPLUGIN_EXPORTS /D _WINDLL /D _UNICODE /D UNICODE /Gm- /EHsc /MD /GS /Gy /fp:precise /Zc:wchar_t /Zc:forScope /Fo"Release\\" /Fd"Release\vc100.pdb" /Gd /TP /analyze- /errorReport:prompt meshPlugin.cpp
         meshPlugin.cpp
       Link:
         c:\Program Files (x86)\Microsoft Visual Studio 10.0\VC\bin\link.exe /ERRORREPORT:PROMPT /OUT:"D:\快盘\Code\Code\OpenCloth_Implicit\Release\MeshPlugin.dll" /INCREMENTAL:NO /NOLOGO /LIBPATH:"C:\Program Files\openGL\lib\x86\Release" kernel32.lib user32.lib gdi32.lib winspool.lib comdlg32.lib advapi32.lib shell32.lib ole32.lib oleaut32.lib uuid.lib odbc32.lib odbccp32.lib /MANIFEST /ManifestFile:"Release\MeshPlugin.dll.intermediate.manifest" /MANIFESTUAC:"level='asInvoker' uiAccess='false'" /DEBUG /PDB:"D:\快盘\Code\Code\OpenCloth_Implicit\Release\MeshPlugin.pdb" /SUBSYSTEM:WINDOWS /OPT:REF /OPT:ICF /LTCG /TLBID:1 /DYNAMICBASE /NXCOMPAT /IMPLIB:"D:\快盘\Code\Code\OpenCloth_Implicit\Release\MeshPlugin.lib" /MACHINE:X86 /DLL Release\meshPlugin.obj
            正在创建库 D:\快盘\Code\Code\OpenCloth_Implicit\Release\MeshPlugin.lib 和对象 D:\快盘\Code\Code\OpenCloth_Implicit\Release\MeshPlugin.exp
         正在生成代码
         已完成代码的生成
         MeshPlugin.vcxproj -> D:\快盘\Code\Code\OpenCloth_Implicit\Release\MeshPlugin.dll
       Manifest:
         c:\Program Files (x86)\Microsoft SDKs\Windows\v7.0A\bin\mt.exe /nologo /verbose /outputresource:"D:\快盘\Code\Code\OpenCloth_Implicit\Release\MeshPlugin.dll;#2" /manifest Release\MeshPlugin.dll.intermediate.manifest
       FinalizeBuildStatus:
         正在删除文件“Release\MeshPlugin.unsuccessfulbuild”。
         正在对“Release\MeshPlugin.lastbuildstate”执行 Touch 任务。
     1>已完成生成项目“D:\快盘\Code\Code\OpenCloth_Implicit\MeshPlugin\MeshPlugin.vcxproj”(rebuild 个目标)的操作。

生成成功。

已用时间 00:00:01.15
