D:\快盘\Code\Code\OpenCloth_Implicit\ClothSimulator\Debug\cl.command.1.tlog
D:\快盘\Code\Code\OpenCloth_Implicit\ClothSimulator\Debug\CL.read.1.tlog
D:\快盘\Code\Code\OpenCloth_Implicit\ClothSimulator\Debug\CL.write.1.tlog
D:\快盘\CODE\CODE\OPENCLOTH_IMPLICIT\CLOTHSIMULATOR\DEBUG\CLOTHSIMULATOR.DLL.EMBED.MANIFEST
D:\快盘\CODE\CODE\OPENCLOTH_IMPLICIT\CLOTHSIMULATOR\DEBUG\CLOTHSIMULATOR.DLL.EMBED.MANIFEST.RES
D:\快盘\CODE\CODE\OPENCLOTH_IMPLICIT\CLOTHSIMULATOR\DEBUG\CLOTHSIMULATOR.DLL.INTERMEDIATE.MANIFEST
D:\快盘\CODE\CODE\OPENCLOTH_IMPLICIT\CLOTHSIMULATOR\DEBUG\CLOTHSIMULATOR.OBJ
D:\快盘\Code\Code\OpenCloth_Implicit\ClothSimulator\Debug\ClothSimulator.vcxprojResolveAssemblyReference.cache
D:\快盘\Code\Code\OpenCloth_Implicit\ClothSimulator\Debug\ClothSimulator.write.1.tlog
D:\快盘\Code\Code\OpenCloth_Implicit\ClothSimulator\Debug\ClothSimulator_manifest.rc
D:\快盘\Code\Code\OpenCloth_Implicit\ClothSimulator\Debug\link.9024.read.1.tlog
D:\快盘\Code\Code\OpenCloth_Implicit\ClothSimulator\Debug\link.9024.write.1.tlog
D:\快盘\Code\Code\OpenCloth_Implicit\ClothSimulator\Debug\link.9024-cvtres.read.1.tlog
D:\快盘\Code\Code\OpenCloth_Implicit\ClothSimulator\Debug\link.9024-cvtres.write.1.tlog
D:\快盘\Code\Code\OpenCloth_Implicit\ClothSimulator\Debug\link.command.1.tlog
D:\快盘\Code\Code\OpenCloth_Implicit\ClothSimulator\Debug\link.read.1.tlog
D:\快盘\Code\Code\OpenCloth_Implicit\ClothSimulator\Debug\link.write.1.tlog
D:\快盘\Code\Code\OpenCloth_Implicit\ClothSimulator\Debug\link-cvtres.read.1.tlog
D:\快盘\Code\Code\OpenCloth_Implicit\ClothSimulator\Debug\link-cvtres.write.1.tlog
D:\快盘\Code\Code\OpenCloth_Implicit\ClothSimulator\Debug\mt.command.1.tlog
D:\快盘\Code\Code\OpenCloth_Implicit\ClothSimulator\Debug\mt.read.1.tlog
D:\快盘\Code\Code\OpenCloth_Implicit\ClothSimulator\Debug\mt.write.1.tlog
D:\快盘\Code\Code\OpenCloth_Implicit\ClothSimulator\Debug\rc.command.1.tlog
D:\快盘\Code\Code\OpenCloth_Implicit\ClothSimulator\Debug\rc.read.1.tlog
D:\快盘\Code\Code\OpenCloth_Implicit\ClothSimulator\Debug\rc.write.1.tlog
D:\快盘\Code\Code\OpenCloth_Implicit\ClothSimulator\Debug\vc100.idb
D:\快盘\CODE\CODE\OPENCLOTH_IMPLICIT\CLOTHSIMULATOR\DEBUG\VC100.PDB
D:\快盘\CODE\CODE\OPENCLOTH_IMPLICIT\DEBUG\CLOTHSIMULATOR.DLL
D:\快盘\Code\Code\OpenCloth_Implicit\Debug\ClothSimulator.exp
D:\快盘\CODE\CODE\OPENCLOTH_IMPLICIT\DEBUG\CLOTHSIMULATOR.ILK
D:\快盘\Code\Code\OpenCloth_Implicit\Debug\ClothSimulator.lib
D:\快盘\CODE\CODE\OPENCLOTH_IMPLICIT\DEBUG\CLOTHSIMULATOR.PDB
