生成启动时间为 2014/6/4 14:55:23。
     1>项目“D:\快盘\硕士毕设\OpenCloth_Implicit\ClothSimulator\ClothSimulator.vcxproj”在节点 2 上(build 个目标)。
     1>InitializeBuildStatus:
         正在创建“Release\ClothSimulator.unsuccessfulbuild”，因为已指定“AlwaysCreate”。
       ClCompile:
         c:\Program Files (x86)\Microsoft Visual Studio 10.0\VC\bin\CL.exe /c /I"C:\Program Files\openGL\include" /Zi /nologo /W3 /WX- /O2 /Oi /Oy- /GL /D WIN32 /D NDEBUG /D _WINDOWS /D _USRDLL /D CLOTHSIMULATOR_EXPORTS /D _WINDLL /D _UNICODE /D UNICODE /Gm- /EHsc /MD /GS /Gy /fp:precise /Zc:wchar_t /Zc:forScope /Fo"Release\\" /Fd"Release\vc100.pdb" /Gd /TP /analyze- /errorReport:prompt clothSimulator.cpp
         clothSimulator.cpp
     1>d:\快盘\硕士毕设\opencloth_implicit\clothsimulator\mesh.hpp(75): warning C4018: “<”: 有符号/无符号不匹配
     1>d:\快盘\硕士毕设\opencloth_implicit\clothsimulator\mesh.hpp(153): warning C4018: “<”: 有符号/无符号不匹配
     1>d:\快盘\硕士毕设\opencloth_implicit\clothsimulator\mesh.hpp(154): warning C4244: “=”: 从“float”转换到“int”，可能丢失数据
     1>d:\快盘\硕士毕设\opencloth_implicit\clothsimulator\mesh.hpp(155): warning C4244: “=”: 从“float”转换到“int”，可能丢失数据
     1>d:\快盘\硕士毕设\opencloth_implicit\clothsimulator\mesh.hpp(156): warning C4244: “=”: 从“float”转换到“int”，可能丢失数据
     1>d:\快盘\硕士毕设\opencloth_implicit\clothsimulator\mesh.hpp(157): warning C4244: “=”: 从“float”转换到“int”，可能丢失数据
     1>d:\快盘\硕士毕设\opencloth_implicit\clothsimulator\mesh.hpp(158): warning C4244: “=”: 从“float”转换到“int”，可能丢失数据
     1>d:\快盘\硕士毕设\opencloth_implicit\clothsimulator\mesh.hpp(159): warning C4244: “=”: 从“float”转换到“int”，可能丢失数据
     1>d:\快盘\硕士毕设\opencloth_implicit\clothsimulator\mesh.hpp(195): warning C4244: “=”: 从“const float”转换到“int”，可能丢失数据
     1>d:\快盘\硕士毕设\opencloth_implicit\clothsimulator\mesh.hpp(196): warning C4244: “=”: 从“const float”转换到“int”，可能丢失数据
     1>d:\快盘\硕士毕设\opencloth_implicit\clothsimulator\mesh.hpp(197): warning C4244: “=”: 从“const float”转换到“int”，可能丢失数据
     1>d:\快盘\硕士毕设\opencloth_implicit\clothsimulator\cloth.hpp(132): warning C4018: “<”: 有符号/无符号不匹配
     1>d:\快盘\硕士毕设\opencloth_implicit\clothsimulator\cloth.hpp(142): warning C4018: “<”: 有符号/无符号不匹配
     1>d:\快盘\硕士毕设\opencloth_implicit\clothsimulator\largeVector.hpp(9): warning C4018: “<”: 有符号/无符号不匹配
     1>d:\快盘\硕士毕设\opencloth_implicit\clothsimulator\largeVector.hpp(16): warning C4018: “<”: 有符号/无符号不匹配
     1>d:\快盘\硕士毕设\opencloth_implicit\clothsimulator\largeVector.hpp(23): warning C4018: “<”: 有符号/无符号不匹配
     1>d:\快盘\硕士毕设\opencloth_implicit\clothsimulator\largeVector.hpp(30): warning C4018: “<”: 有符号/无符号不匹配
     1>d:\快盘\硕士毕设\opencloth_implicit\clothsimulator\largeVector.hpp(37): warning C4018: “<”: 有符号/无符号不匹配
     1>d:\快盘\硕士毕设\opencloth_implicit\clothsimulator\largeVector.hpp(44): warning C4018: “<”: 有符号/无符号不匹配
     1>d:\快盘\硕士毕设\opencloth_implicit\clothsimulator\largeVector.hpp(51): warning C4018: “<”: 有符号/无符号不匹配
     1>d:\快盘\硕士毕设\opencloth_implicit\clothsimulator\largeVector.hpp(58): warning C4018: “<”: 有符号/无符号不匹配
     1>d:\快盘\硕士毕设\opencloth_implicit\clothsimulator\largeVector.hpp(66): warning C4018: “<”: 有符号/无符号不匹配
     1>d:\快盘\硕士毕设\opencloth_implicit\clothsimulator\Solver.hpp(13): warning C4305: “初始化”: 从“double”到“const float”截断
     1>d:\快盘\硕士毕设\opencloth_implicit\clothsimulator\subdivision.hpp(69): warning C4018: “<”: 有符号/无符号不匹配
     1>d:\快盘\硕士毕设\opencloth_implicit\clothsimulator\subdivision.hpp(75): warning C4018: “<”: 有符号/无符号不匹配
     1>d:\快盘\硕士毕设\opencloth_implicit\clothsimulator\subdivision.hpp(91): warning C4018: “<”: 有符号/无符号不匹配
     1>d:\快盘\硕士毕设\opencloth_implicit\clothsimulator\subdivision.hpp(97): warning C4018: “<”: 有符号/无符号不匹配
     1>d:\快盘\硕士毕设\opencloth_implicit\clothsimulator\subdivision.hpp(113): warning C4018: “<”: 有符号/无符号不匹配
     1>d:\快盘\硕士毕设\opencloth_implicit\clothsimulator\subdivision.hpp(119): warning C4018: “<”: 有符号/无符号不匹配
       Link:
         c:\Program Files (x86)\Microsoft Visual Studio 10.0\VC\bin\link.exe /ERRORREPORT:PROMPT /OUT:"D:\快盘\硕士毕设\OpenCloth_Implicit\Release\ClothSimulator.dll" /INCREMENTAL:NO /NOLOGO /LIBPATH:"C:\Program Files\openGL\lib\x86\Release" kernel32.lib user32.lib gdi32.lib winspool.lib comdlg32.lib advapi32.lib shell32.lib ole32.lib oleaut32.lib uuid.lib odbc32.lib odbccp32.lib /MANIFEST /ManifestFile:"Release\ClothSimulator.dll.intermediate.manifest" /MANIFESTUAC:"level='asInvoker' uiAccess='false'" /DEBUG /PDB:"D:\快盘\硕士毕设\OpenCloth_Implicit\Release\ClothSimulator.pdb" /SUBSYSTEM:WINDOWS /OPT:REF /OPT:ICF /LTCG /TLBID:1 /DYNAMICBASE /NXCOMPAT /IMPLIB:"D:\快盘\硕士毕设\OpenCloth_Implicit\Release\ClothSimulator.lib" /MACHINE:X86 /DLL Release\clothSimulator.obj
         Release\subdivision.obj
            正在创建库 D:\快盘\硕士毕设\OpenCloth_Implicit\Release\ClothSimulator.lib 和对象 D:\快盘\硕士毕设\OpenCloth_Implicit\Release\ClothSimulator.exp
         正在生成代码
         已完成代码的生成
         ClothSimulator.vcxproj -> D:\快盘\硕士毕设\OpenCloth_Implicit\Release\ClothSimulator.dll
       Manifest:
         c:\Program Files (x86)\Microsoft SDKs\Windows\v7.0A\bin\mt.exe /nologo /verbose /outputresource:"D:\快盘\硕士毕设\OpenCloth_Implicit\Release\ClothSimulator.dll;#2" /manifest Release\ClothSimulator.dll.intermediate.manifest
       FinalizeBuildStatus:
         正在删除文件“Release\ClothSimulator.unsuccessfulbuild”。
         正在对“Release\ClothSimulator.lastbuildstate”执行 Touch 任务。
     1>已完成生成项目“D:\快盘\硕士毕设\OpenCloth_Implicit\ClothSimulator\ClothSimulator.vcxproj”(build 个目标)的操作。

生成成功。

已用时间 00:00:02.56
