D:\快盘\CODE\CODE\OPENCLOTH_IMPLICIT\OPENCLOTH_IMPLICIT\RELEASE\AABBTREE.OBJ
D:\快盘\CODE\CODE\OPENCLOTH_IMPLICIT\OPENCLOTH_IMPLICIT\RELEASE\CLOTH.OBJ
D:\快盘\CODE\CODE\OPENCLOTH_IMPLICIT\OPENCLOTH_IMPLICIT\RELEASE\HASHSPATIAL.OBJ
D:\快盘\CODE\CODE\OPENCLOTH_IMPLICIT\OPENCLOTH_IMPLICIT\RELEASE\MAIN.OBJ
D:\快盘\CODE\CODE\OPENCLOTH_IMPLICIT\OPENCLOTH_IMPLICIT\RELEASE\MESH.OBJ
D:\快盘\CODE\CODE\OPENCLOTH_IMPLICIT\OPENCLOTH_IMPLICIT\RELEASE\OPENCLOTH_IMPLICIT.EXE.INTERMEDIATE.MANIFEST
D:\快盘\CODE\CODE\OPENCLOTH_IMPLICIT\OPENCLOTH_IMPLICIT\RELEASE\VC100.PDB
D:\快盘\CODE\CODE\OPENCLOTH_IMPLICIT\RELEASE\OPENCLOTH_IMPLICIT.EXE
D:\快盘\CODE\CODE\OPENCLOTH_IMPLICIT\RELEASE\OPENCLOTH_IMPLICIT.PDB
E:\CODE\OPENCLOTH_IMPLICIT\OPENCLOTH_IMPLICIT\RELEASE\AABBTREE.OBJ
E:\CODE\OPENCLOTH_IMPLICIT\OPENCLOTH_IMPLICIT\RELEASE\MAIN.OBJ
E:\CODE\OPENCLOTH_IMPLICIT\OPENCLOTH_IMPLICIT\RELEASE\MESH.OBJ
E:\CODE\OPENCLOTH_IMPLICIT\OPENCLOTH_IMPLICIT\RELEASE\OPENCLOTH_IMPLICIT.EXE.INTERMEDIATE.MANIFEST
E:\CODE\OPENCLOTH_IMPLICIT\OPENCLOTH_IMPLICIT\RELEASE\VC100.PDB
E:\CODE\OPENCLOTH_IMPLICIT\RELEASE\OPENCLOTH_IMPLICIT.EXE
E:\CODE\OPENCLOTH_IMPLICIT\RELEASE\OPENCLOTH_IMPLICIT.PDB
E:\HuangLei\Code\OpenCloth_Implicit_v2.0\OpenCloth_Implicit\OpenCloth_Implicit\Release\aabbtree.obj
E:\HuangLei\Code\OpenCloth_Implicit_v2.0\OpenCloth_Implicit\OpenCloth_Implicit\Release\cl.command.1.tlog
E:\HuangLei\Code\OpenCloth_Implicit_v2.0\OpenCloth_Implicit\OpenCloth_Implicit\Release\CL.read.1.tlog
E:\HuangLei\Code\OpenCloth_Implicit_v2.0\OpenCloth_Implicit\OpenCloth_Implicit\Release\CL.write.1.tlog
E:\HuangLei\Code\OpenCloth_Implicit_v2.0\OpenCloth_Implicit\OpenCloth_Implicit\Release\Cloth.obj
E:\HuangLei\Code\OpenCloth_Implicit_v2.0\OpenCloth_Implicit\OpenCloth_Implicit\Release\hashSpatial.obj
E:\HuangLei\Code\OpenCloth_Implicit_v2.0\OpenCloth_Implicit\OpenCloth_Implicit\Release\link.command.1.tlog
E:\HuangLei\Code\OpenCloth_Implicit_v2.0\OpenCloth_Implicit\OpenCloth_Implicit\Release\link.read.1.tlog
E:\HuangLei\Code\OpenCloth_Implicit_v2.0\OpenCloth_Implicit\OpenCloth_Implicit\Release\link.write.1.tlog
E:\HUANGLEI\CODE\OPENCLOTH_IMPLICIT_V2.0\OPENCLOTH_IMPLICIT\OPENCLOTH_IMPLICIT\RELEASE\MAIN.OBJ
E:\HuangLei\Code\OpenCloth_Implicit_v2.0\OpenCloth_Implicit\OpenCloth_Implicit\Release\mesh.obj
E:\HuangLei\Code\OpenCloth_Implicit_v2.0\OpenCloth_Implicit\OpenCloth_Implicit\Release\mt.command.1.tlog
E:\HuangLei\Code\OpenCloth_Implicit_v2.0\OpenCloth_Implicit\OpenCloth_Implicit\Release\mt.read.1.tlog
E:\HuangLei\Code\OpenCloth_Implicit_v2.0\OpenCloth_Implicit\OpenCloth_Implicit\Release\mt.write.1.tlog
E:\HUANGLEI\CODE\OPENCLOTH_IMPLICIT_V2.0\OPENCLOTH_IMPLICIT\OPENCLOTH_IMPLICIT\RELEASE\OPENCLOTH_IMPLICIT.EXE.INTERMEDIATE.MANIFEST
E:\HuangLei\Code\OpenCloth_Implicit_v2.0\OpenCloth_Implicit\OpenCloth_Implicit\Release\OpenCloth_Implicit.vcxprojResolveAssemblyReference.cache
E:\HuangLei\Code\OpenCloth_Implicit_v2.0\OpenCloth_Implicit\OpenCloth_Implicit\Release\OpenCloth_Implicit.write.1.tlog
E:\HUANGLEI\CODE\OPENCLOTH_IMPLICIT_V2.0\OPENCLOTH_IMPLICIT\OPENCLOTH_IMPLICIT\RELEASE\VC100.PDB
E:\HUANGLEI\CODE\OPENCLOTH_IMPLICIT_V2.0\OPENCLOTH_IMPLICIT\RELEASE\OPENCLOTH_IMPLICIT.EXE
E:\HUANGLEI\CODE\OPENCLOTH_IMPLICIT_V2.0\OPENCLOTH_IMPLICIT\RELEASE\OPENCLOTH_IMPLICIT.PDB
