生成启动时间为 2014/5/5 14:50:09。
     1>项目“D:\快盘\Code\Code\OpenCloth_Implicit\MeshPlugin\MeshPlugin.vcxproj”在节点 2 上(rebuild 个目标)。
     1>_PrepareForClean:
         正在删除文件“Debug\MeshPlugin.lastbuildstate”。
       InitializeBuildStatus:
         正在创建“Debug\MeshPlugin.unsuccessfulbuild”，因为已指定“AlwaysCreate”。
       ClCompile:
         c:\Program Files (x86)\Microsoft Visual Studio 10.0\VC\bin\CL.exe /c /I"C:\Program Files\openGL\include" /ZI /nologo /W3 /WX- /Od /Oy- /D WIN32 /D _DEBUG /D _WINDOWS /D _USRDLL /D MESHPLUGIN_EXPORTS /D _WINDLL /D _UNICODE /D UNICODE /Gm /EHsc /RTC1 /MDd /GS /fp:precise /Zc:wchar_t /Zc:forScope /Fo"Debug\\" /Fd"Debug\vc100.pdb" /Gd /TP /analyze- /errorReport:prompt meshPlugin.cpp
         meshPlugin.cpp
     1>d:\快盘\code\code\opencloth_implicit\meshplugin\mesh.hpp(66): warning C4018: “<”: 有符号/无符号不匹配
     1>d:\快盘\code\code\opencloth_implicit\meshplugin\mesh.hpp(129): warning C4018: “<”: 有符号/无符号不匹配
     1>d:\快盘\code\code\opencloth_implicit\meshplugin\mesh.hpp(130): warning C4244: “=”: 从“float”转换到“int”，可能丢失数据
     1>d:\快盘\code\code\opencloth_implicit\meshplugin\mesh.hpp(131): warning C4244: “=”: 从“float”转换到“int”，可能丢失数据
     1>d:\快盘\code\code\opencloth_implicit\meshplugin\mesh.hpp(132): warning C4244: “=”: 从“float”转换到“int”，可能丢失数据
     1>d:\快盘\code\code\opencloth_implicit\meshplugin\mesh.hpp(133): warning C4244: “=”: 从“float”转换到“int”，可能丢失数据
     1>d:\快盘\code\code\opencloth_implicit\meshplugin\mesh.hpp(134): warning C4244: “=”: 从“float”转换到“int”，可能丢失数据
     1>d:\快盘\code\code\opencloth_implicit\meshplugin\mesh.hpp(135): warning C4244: “=”: 从“float”转换到“int”，可能丢失数据
     1>d:\快盘\code\code\opencloth_implicit\meshplugin\mesh.hpp(171): warning C4244: “=”: 从“const float”转换到“int”，可能丢失数据
     1>d:\快盘\code\code\opencloth_implicit\meshplugin\mesh.hpp(172): warning C4244: “=”: 从“const float”转换到“int”，可能丢失数据
     1>d:\快盘\code\code\opencloth_implicit\meshplugin\mesh.hpp(173): warning C4244: “=”: 从“const float”转换到“int”，可能丢失数据
       ManifestResourceCompile:
         c:\Program Files (x86)\Microsoft SDKs\Windows\v7.0A\bin\rc.exe /nologo /fo"Debug\MeshPlugin.dll.embed.manifest.res" Debug\MeshPlugin_manifest.rc 
       Link:
         c:\Program Files (x86)\Microsoft Visual Studio 10.0\VC\bin\link.exe /ERRORREPORT:PROMPT /OUT:"D:\快盘\Code\Code\OpenCloth_Implicit\Debug\MeshPlugin.dll" /INCREMENTAL /NOLOGO /LIBPATH:"C:\Program Files\openGL\lib\x86\Debug" freeglut.lib kernel32.lib user32.lib gdi32.lib winspool.lib comdlg32.lib advapi32.lib shell32.lib ole32.lib oleaut32.lib uuid.lib odbc32.lib odbccp32.lib /MANIFEST /ManifestFile:"Debug\MeshPlugin.dll.intermediate.manifest" /MANIFESTUAC:"level='asInvoker' uiAccess='false'" /DEBUG /PDB:"D:\快盘\Code\Code\OpenCloth_Implicit\Debug\MeshPlugin.pdb" /SUBSYSTEM:WINDOWS /TLBID:1 /DYNAMICBASE /NXCOMPAT /IMPLIB:"D:\快盘\Code\Code\OpenCloth_Implicit\Debug\MeshPlugin.lib" /MACHINE:X86 /DLL Debug\MeshPlugin.dll.embed.manifest.res
         Debug\meshPlugin.obj
            正在创建库 D:\快盘\Code\Code\OpenCloth_Implicit\Debug\MeshPlugin.lib 和对象 D:\快盘\Code\Code\OpenCloth_Implicit\Debug\MeshPlugin.exp
       Manifest:
         正在删除文件“Debug\MeshPlugin.dll.embed.manifest”。
         c:\Program Files (x86)\Microsoft SDKs\Windows\v7.0A\bin\mt.exe /nologo /verbose /out:"Debug\MeshPlugin.dll.embed.manifest" /manifest Debug\MeshPlugin.dll.intermediate.manifest
         c:\Program Files (x86)\Microsoft SDKs\Windows\v7.0A\bin\rc.exe /nologo /fo"Debug\MeshPlugin.dll.embed.manifest.res" Debug\MeshPlugin_manifest.rc 
       LinkEmbedManifest:
         c:\Program Files (x86)\Microsoft Visual Studio 10.0\VC\bin\link.exe /ERRORREPORT:PROMPT /OUT:"D:\快盘\Code\Code\OpenCloth_Implicit\Debug\MeshPlugin.dll" /INCREMENTAL /NOLOGO /LIBPATH:"C:\Program Files\openGL\lib\x86\Debug" freeglut.lib kernel32.lib user32.lib gdi32.lib winspool.lib comdlg32.lib advapi32.lib shell32.lib ole32.lib oleaut32.lib uuid.lib odbc32.lib odbccp32.lib /MANIFEST /ManifestFile:"Debug\MeshPlugin.dll.intermediate.manifest" /MANIFESTUAC:"level='asInvoker' uiAccess='false'" /DEBUG /PDB:"D:\快盘\Code\Code\OpenCloth_Implicit\Debug\MeshPlugin.pdb" /SUBSYSTEM:WINDOWS /TLBID:1 /DYNAMICBASE /NXCOMPAT /IMPLIB:"D:\快盘\Code\Code\OpenCloth_Implicit\Debug\MeshPlugin.lib" /MACHINE:X86 /DLL Debug\MeshPlugin.dll.embed.manifest.res
         Debug\meshPlugin.obj
            正在创建库 D:\快盘\Code\Code\OpenCloth_Implicit\Debug\MeshPlugin.lib 和对象 D:\快盘\Code\Code\OpenCloth_Implicit\Debug\MeshPlugin.exp
         MeshPlugin.vcxproj -> D:\快盘\Code\Code\OpenCloth_Implicit\Debug\MeshPlugin.dll
       FinalizeBuildStatus:
         正在删除文件“Debug\MeshPlugin.unsuccessfulbuild”。
         正在对“Debug\MeshPlugin.lastbuildstate”执行 Touch 任务。
     1>已完成生成项目“D:\快盘\Code\Code\OpenCloth_Implicit\MeshPlugin\MeshPlugin.vcxproj”(rebuild 个目标)的操作。

生成成功。

已用时间 00:00:01.68
