D:\快盘\CODE\CODE\OPENCLOTH_IMPLICIT\DEBUG\MESHPLUGIN.DLL
D:\快盘\Code\Code\OpenCloth_Implicit\Debug\MeshPlugin.exp
D:\快盘\CODE\CODE\OPENCLOTH_IMPLICIT\DEBUG\MESHPLUGIN.ILK
D:\快盘\Code\Code\OpenCloth_Implicit\Debug\MeshPlugin.lib
D:\快盘\CODE\CODE\OPENCLOTH_IMPLICIT\DEBUG\MESHPLUGIN.PDB
D:\快盘\Code\Code\OpenCloth_Implicit\MeshPlugin\Debug\cl.command.1.tlog
D:\快盘\Code\Code\OpenCloth_Implicit\MeshPlugin\Debug\CL.read.1.tlog
D:\快盘\Code\Code\OpenCloth_Implicit\MeshPlugin\Debug\CL.write.1.tlog
D:\快盘\Code\Code\OpenCloth_Implicit\MeshPlugin\Debug\link.3588.read.1.tlog
D:\快盘\Code\Code\OpenCloth_Implicit\MeshPlugin\Debug\link.3588.write.1.tlog
D:\快盘\Code\Code\OpenCloth_Implicit\MeshPlugin\Debug\link.3588-cvtres.read.1.tlog
D:\快盘\Code\Code\OpenCloth_Implicit\MeshPlugin\Debug\link.3588-cvtres.write.1.tlog
D:\快盘\Code\Code\OpenCloth_Implicit\MeshPlugin\Debug\link.command.1.tlog
D:\快盘\Code\Code\OpenCloth_Implicit\MeshPlugin\Debug\link.read.1.tlog
D:\快盘\Code\Code\OpenCloth_Implicit\MeshPlugin\Debug\link.write.1.tlog
D:\快盘\Code\Code\OpenCloth_Implicit\MeshPlugin\Debug\link-cvtres.read.1.tlog
D:\快盘\Code\Code\OpenCloth_Implicit\MeshPlugin\Debug\link-cvtres.write.1.tlog
D:\快盘\CODE\CODE\OPENCLOTH_IMPLICIT\MESHPLUGIN\DEBUG\MESHPLUGIN.DLL.EMBED.MANIFEST
D:\快盘\CODE\CODE\OPENCLOTH_IMPLICIT\MESHPLUGIN\DEBUG\MESHPLUGIN.DLL.EMBED.MANIFEST.RES
D:\快盘\CODE\CODE\OPENCLOTH_IMPLICIT\MESHPLUGIN\DEBUG\MESHPLUGIN.DLL.INTERMEDIATE.MANIFEST
D:\快盘\CODE\CODE\OPENCLOTH_IMPLICIT\MESHPLUGIN\DEBUG\MESHPLUGIN.OBJ
D:\快盘\Code\Code\OpenCloth_Implicit\MeshPlugin\Debug\MeshPlugin.write.1.tlog
D:\快盘\Code\Code\OpenCloth_Implicit\MeshPlugin\Debug\MeshPlugin_manifest.rc
D:\快盘\Code\Code\OpenCloth_Implicit\MeshPlugin\Debug\mt.command.1.tlog
D:\快盘\Code\Code\OpenCloth_Implicit\MeshPlugin\Debug\mt.read.1.tlog
D:\快盘\Code\Code\OpenCloth_Implicit\MeshPlugin\Debug\mt.write.1.tlog
D:\快盘\Code\Code\OpenCloth_Implicit\MeshPlugin\Debug\rc.command.1.tlog
D:\快盘\Code\Code\OpenCloth_Implicit\MeshPlugin\Debug\rc.read.1.tlog
D:\快盘\Code\Code\OpenCloth_Implicit\MeshPlugin\Debug\rc.write.1.tlog
D:\快盘\Code\Code\OpenCloth_Implicit\MeshPlugin\Debug\vc100.idb
D:\快盘\CODE\CODE\OPENCLOTH_IMPLICIT\MESHPLUGIN\DEBUG\VC100.PDB
