D:\快盘\CODE\CODE\OPENCLOTH_IMPLICIT\DEBUG\OPENCLOTH_IMPLICIT.EXE
D:\快盘\CODE\CODE\OPENCLOTH_IMPLICIT\DEBUG\OPENCLOTH_IMPLICIT.ILK
D:\快盘\CODE\CODE\OPENCLOTH_IMPLICIT\DEBUG\OPENCLOTH_IMPLICIT.PDB
D:\快盘\Code\Code\OpenCloth_Implicit\OpenCloth_Implicit\Debug\cl.command.1.tlog
D:\快盘\Code\Code\OpenCloth_Implicit\OpenCloth_Implicit\Debug\CL.read.1.tlog
D:\快盘\Code\Code\OpenCloth_Implicit\OpenCloth_Implicit\Debug\CL.write.1.tlog
D:\快盘\Code\Code\OpenCloth_Implicit\OpenCloth_Implicit\Debug\link.8480.read.1.tlog
D:\快盘\Code\Code\OpenCloth_Implicit\OpenCloth_Implicit\Debug\link.8480.write.1.tlog
D:\快盘\Code\Code\OpenCloth_Implicit\OpenCloth_Implicit\Debug\link.8480-cvtres.read.1.tlog
D:\快盘\Code\Code\OpenCloth_Implicit\OpenCloth_Implicit\Debug\link.8480-cvtres.write.1.tlog
D:\快盘\Code\Code\OpenCloth_Implicit\OpenCloth_Implicit\Debug\link.8588.read.1.tlog
D:\快盘\Code\Code\OpenCloth_Implicit\OpenCloth_Implicit\Debug\link.8588.write.1.tlog
D:\快盘\Code\Code\OpenCloth_Implicit\OpenCloth_Implicit\Debug\link.8588-cvtres.read.1.tlog
D:\快盘\Code\Code\OpenCloth_Implicit\OpenCloth_Implicit\Debug\link.8588-cvtres.write.1.tlog
D:\快盘\Code\Code\OpenCloth_Implicit\OpenCloth_Implicit\Debug\link.8636.read.1.tlog
D:\快盘\Code\Code\OpenCloth_Implicit\OpenCloth_Implicit\Debug\link.8636.write.1.tlog
D:\快盘\Code\Code\OpenCloth_Implicit\OpenCloth_Implicit\Debug\link.8636-cvtres.read.1.tlog
D:\快盘\Code\Code\OpenCloth_Implicit\OpenCloth_Implicit\Debug\link.8636-cvtres.write.1.tlog
D:\快盘\Code\Code\OpenCloth_Implicit\OpenCloth_Implicit\Debug\link.command.1.tlog
D:\快盘\Code\Code\OpenCloth_Implicit\OpenCloth_Implicit\Debug\link.read.1.tlog
D:\快盘\Code\Code\OpenCloth_Implicit\OpenCloth_Implicit\Debug\link.write.1.tlog
D:\快盘\Code\Code\OpenCloth_Implicit\OpenCloth_Implicit\Debug\link-cvtres.read.1.tlog
D:\快盘\Code\Code\OpenCloth_Implicit\OpenCloth_Implicit\Debug\link-cvtres.write.1.tlog
D:\快盘\CODE\CODE\OPENCLOTH_IMPLICIT\OPENCLOTH_IMPLICIT\DEBUG\MAIN.OBJ
D:\快盘\Code\Code\OpenCloth_Implicit\OpenCloth_Implicit\Debug\mt.command.1.tlog
D:\快盘\Code\Code\OpenCloth_Implicit\OpenCloth_Implicit\Debug\mt.read.1.tlog
D:\快盘\Code\Code\OpenCloth_Implicit\OpenCloth_Implicit\Debug\mt.write.1.tlog
D:\快盘\CODE\CODE\OPENCLOTH_IMPLICIT\OPENCLOTH_IMPLICIT\DEBUG\OPENCLOTH_IMPLICIT.EXE.EMBED.MANIFEST
D:\快盘\CODE\CODE\OPENCLOTH_IMPLICIT\OPENCLOTH_IMPLICIT\DEBUG\OPENCLOTH_IMPLICIT.EXE.EMBED.MANIFEST.RES
D:\快盘\CODE\CODE\OPENCLOTH_IMPLICIT\OPENCLOTH_IMPLICIT\DEBUG\OPENCLOTH_IMPLICIT.EXE.INTERMEDIATE.MANIFEST
D:\快盘\Code\Code\OpenCloth_Implicit\OpenCloth_Implicit\Debug\OpenCloth_Implicit.write.1.tlog
D:\快盘\Code\Code\OpenCloth_Implicit\OpenCloth_Implicit\Debug\OpenCloth_Implicit_manifest.rc
D:\快盘\Code\Code\OpenCloth_Implicit\OpenCloth_Implicit\Debug\rc.command.1.tlog
D:\快盘\Code\Code\OpenCloth_Implicit\OpenCloth_Implicit\Debug\rc.read.1.tlog
D:\快盘\Code\Code\OpenCloth_Implicit\OpenCloth_Implicit\Debug\rc.write.1.tlog
D:\快盘\Code\Code\OpenCloth_Implicit\OpenCloth_Implicit\Debug\vc100.idb
D:\快盘\CODE\CODE\OPENCLOTH_IMPLICIT\OPENCLOTH_IMPLICIT\DEBUG\VC100.PDB
